2022/06/29 16:19:59 {"callers":["/golangApp/tour/main.go: 24 main.init.0"],"level":"fatal","message":"http server err :listen tcp :8080: bind: address already in use","time":1656490799006476378}
2022/06/29 18:25:49 {"callers":["/golangApp/go-depot/main.go: 24 main.init.0"],"level":"error","message":"app.BindAndValid errs: [Key: 'State' Error:Field validation for 'State' failed on the 'oneof' tag]","time":1656498349557873205}
2022/06/29 18:31:00 {"callers":["/golangApp/go-depot/main.go: 24 main.init.0"],"level":"error","message":"app.BindAndValid errs: [State必须是[0 1]中的一个]","time":1656498660007551514}
2022/06/29 18:31:05 {"callers":["/golangApp/go-depot/main.go: 24 main.init.0"],"level":"error","message":"app.BindAndValid errs: [State必须是[0 1]中的一个]","time":1656498665291857681}
2022/06/29 18:32:20 {"callers":["/golangApp/go-depot/main.go: 24 main.init.0"],"level":"error","message":"app.BindAndValid errs: [State必须是[0 1]中的一个]","time":1656498740742095590}
2022/06/30 09:22:14 {"callers":["/golangApp/go-depot/main.go: 24 main.init.0"],"level":"error","message":"app.BindAndValid errs: [State必须是[0 1]中的一个]","time":1656552134198706278}
2022/06/30 15:12:58 {"callers":["/golangApp/go-depot/main.go: 26 main.init.0"],"level":"fatal","message":"main.httpServer err :listen tcp :8080: bind: address already in use","time":1656573178039143068}
2022/06/30 15:13:59 {"callers":["/golangApp/go-depot/main.go: 26 main.init.0"],"level":"fatal","message":"main.httpServer err :listen tcp :8080: bind: address already in use","time":1656573239199655831}
2022/06/30 15:56:06 {"callers":["/golangApp/go-depot/main.go: 24 main.init.0"],"level":"error","message":"app.BindAndValid errs: []","time":1656575766382601732}
2022/06/30 15:57:39 {"callers":["/golangApp/go-depot/main.go: 24 main.init.0"],"level":"error","message":"app.BindAndValid errs: []","time":1656575859617060884}
2022/06/30 15:57:40 {"callers":["/golangApp/go-depot/main.go: 24 main.init.0"],"level":"error","message":"app.BindAndValid errs: []","time":1656575860840171604}
2022/06/30 15:57:41 {"callers":["/golangApp/go-depot/main.go: 24 main.init.0"],"level":"error","message":"app.BindAndValid errs: []","time":1656575861458718628}
2022/06/30 15:57:41 {"callers":["/golangApp/go-depot/main.go: 24 main.init.0"],"level":"error","message":"app.BindAndValid errs: []","time":1656575861935778061}
2022/06/30 15:57:42 {"callers":["/golangApp/go-depot/main.go: 24 main.init.0"],"level":"error","message":"app.BindAndValid errs: []","time":1656575862478689229}
2022/06/30 15:57:42 {"callers":["/golangApp/go-depot/main.go: 24 main.init.0"],"level":"error","message":"app.BindAndValid errs: []","time":1656575862855811841}
2022/06/30 15:57:57 {"callers":["/golangApp/go-depot/main.go: 24 main.init.0"],"level":"error","message":"app.BindAndValid errs: []","time":1656575877459028726}
2022/06/30 15:59:09 {"callers":["/golangApp/go-depot/main.go: 24 main.init.0"],"level":"error","message":"app.BindAndValid errs: []","time":1656575949545604786}
2022/06/30 15:59:59 {"callers":["/golangApp/go-depot/main.go: 24 main.init.0"],"level":"error","message":"app.BindAndValid errs: []","time":1656575999985053942}
2022/06/30 16:00:31 {"callers":["/golangApp/go-depot/main.go: 24 main.init.0"],"level":"error","message":"app.BindAndValid errs: []","time":1656576031082959664}
2022/06/30 16:00:48 {"callers":["/golangApp/go-depot/main.go: 24 main.init.0"],"level":"error","message":"app.BindAndValid errs: []","time":1656576048907326360}
2022/06/30 16:01:30 {"callers":["/golangApp/go-depot/main.go: 24 main.init.0"],"level":"error","message":"app.BindAndValid errs: []","time":1656576090564978259}
2022/06/30 16:01:35 {"callers":["/golangApp/go-depot/main.go: 24 main.init.0"],"level":"error","message":"app.BindAndValid errs: []","time":1656576095239750790}
2022/06/30 16:02:15 {"callers":["/golangApp/go-depot/main.go: 24 main.init.0"],"level":"error","message":"app.BindAndValid errs: []","time":1656576135686391780}
2022/06/30 16:02:26 {"callers":["/golangApp/go-depot/main.go: 24 main.init.0"],"level":"error","message":"app.BindAndValid errs: []","time":1656576146850843425}
2022/06/30 16:02:43 {"callers":["/golangApp/go-depot/main.go: 24 main.init.0"],"level":"error","message":"app.BindAndValid errs: []","time":1656576163006477116}
2022/06/30 16:21:00 {"callers":["/golangApp/go-depot/main.go: 24 main.init.0"],"level":"error","message":"app.BindAndValid errs: []","time":1656577260117960972}
2022/06/30 16:21:08 {"callers":["/golangApp/go-depot/main.go: 24 main.init.0"],"level":"error","message":"app.BindAndValid errs: []","time":1656577268501836847}
2022/06/30 16:21:09 {"callers":["/golangApp/go-depot/main.go: 24 main.init.0"],"level":"error","message":"app.BindAndValid errs: []","time":1656577269240401286}
2022/06/30 16:21:09 {"callers":["/golangApp/go-depot/main.go: 24 main.init.0"],"level":"error","message":"app.BindAndValid errs: []","time":1656577269531071071}
2022/06/30 16:21:09 {"callers":["/golangApp/go-depot/main.go: 24 main.init.0"],"level":"error","message":"app.BindAndValid errs: []","time":1656577269892358715}
2022/06/30 16:21:10 {"callers":["/golangApp/go-depot/main.go: 24 main.init.0"],"level":"error","message":"app.BindAndValid errs: []","time":1656577270226532209}
2022/06/30 16:22:00 {"callers":["/golangApp/go-depot/main.go: 24 main.init.0"],"level":"error","message":"app.BindAndValid errs: []","time":1656577320028837142}
2022/06/30 16:22:07 {"callers":["/golangApp/go-depot/main.go: 24 main.init.0"],"level":"error","message":"app.BindAndValid errs: []","time":1656577327442403183}
2022/06/30 16:22:11 {"callers":["/golangApp/go-depot/main.go: 24 main.init.0"],"level":"error","message":"app.BindAndValid errs: []","time":1656577331393983356}
2022/06/30 16:22:24 {"callers":["/golangApp/go-depot/main.go: 24 main.init.0"],"level":"error","message":"app.BindAndValid errs: []","time":1656577344955873732}
2022/06/30 16:23:13 {"callers":["/golangApp/go-depot/main.go: 24 main.init.0"],"level":"error","message":"app.BindAndValid errs: []","time":1656577393271895649}
2022/06/30 16:24:15 {"callers":["/golangApp/go-depot/main.go: 24 main.init.0"],"level":"error","message":"app.BindAndValid errs: []","time":1656577455055973753}
2022/06/30 16:24:35 {"callers":["/golangApp/go-depot/main.go: 24 main.init.0"],"level":"error","message":"app.BindAndValid errs: []","time":1656577475955897044}
2022/06/30 16:24:38 {"callers":["/golangApp/go-depot/main.go: 24 main.init.0"],"level":"error","message":"app.BindAndValid errs: []","time":1656577478455772286}
2022/06/30 16:25:01 {"callers":["/golangApp/go-depot/main.go: 24 main.init.0"],"level":"error","message":"app.BindAndValid errs: []","time":1656577501535192760}
2022/06/30 16:25:02 {"callers":["/golangApp/go-depot/main.go: 24 main.init.0"],"level":"error","message":"app.BindAndValid errs: []","time":1656577502754735296}
2022/06/30 16:25:03 {"callers":["/golangApp/go-depot/main.go: 24 main.init.0"],"level":"error","message":"app.BindAndValid errs: []","time":1656577503470302396}
2022/06/30 16:25:03 {"callers":["/golangApp/go-depot/main.go: 24 main.init.0"],"level":"error","message":"app.BindAndValid errs: []","time":1656577503747769530}
2022/06/30 16:25:13 {"callers":["/golangApp/go-depot/main.go: 24 main.init.0"],"level":"error","message":"app.BindAndValid errs: []","time":1656577513503446077}
2022/06/30 16:25:49 {"callers":["/golangApp/go-depot/main.go: 24 main.init.0"],"level":"error","message":"app.BindAndValid errs: []","time":1656577549346317693}
2022/06/30 16:27:00 {"callers":["/golangApp/go-depot/main.go: 24 main.init.0"],"level":"error","message":"app.BindAndValid errs: []","time":1656577620833701360}
2022/06/30 16:46:53 {"callers":["/golangApp/go-depot/main.go: 24 main.init.0"],"level":"error","message":"app.BindAndValid errs: []","time":1656578813758346319}
2022/06/30 16:46:54 {"callers":["/golangApp/go-depot/main.go: 24 main.init.0"],"level":"error","message":"app.BindAndValid errs: []","time":1656578814598310386}
2022/06/30 16:46:55 {"callers":["/golangApp/go-depot/main.go: 24 main.init.0"],"level":"error","message":"app.BindAndValid errs: []","time":1656578815310049312}
2022/06/30 16:46:56 {"callers":["/golangApp/go-depot/main.go: 24 main.init.0"],"level":"error","message":"app.BindAndValid errs: []","time":1656578816709642312}
2022/06/30 16:48:30 {"callers":["/golangApp/go-depot/main.go: 24 main.init.0"],"level":"error","message":"app.BindAndValid errs: []","time":1656578910359669701}
2022/06/30 16:49:00 {"callers":["/golangApp/go-depot/main.go: 24 main.init.0"],"level":"error","message":"app.BindAndValid errs: []","time":1656578940836136471}
2022/06/30 16:50:27 {"callers":["/golangApp/go-depot/main.go: 24 main.init.0"],"level":"error","message":"app.BindAndValid errs: []","time":1656579027586106929}
2022/06/30 16:52:16 {"callers":["/golangApp/go-depot/main.go: 24 main.init.0"],"level":"error","message":"app.BindAndValid errs: []","time":1656579136536287127}
2022/06/30 17:02:11 {"callers":["/golangApp/go-depot/main.go: 24 main.init.0"],"level":"error","message":"app.BindAndValid errs: []","time":1656579731479900141}
2022/06/30 17:02:20 {"callers":["/golangApp/go-depot/main.go: 24 main.init.0"],"level":"error","message":"app.BindAndValid errs: []","time":1656579740682346264}
2022/06/30 17:03:13 {"callers":["/golangApp/go-depot/main.go: 24 main.init.0"],"level":"error","message":"app.BindAndValid errs: []","time":1656579793289028428}
2022/06/30 17:03:51 {"callers":["/golangApp/go-depot/main.go: 24 main.init.0"],"level":"error","message":"app.BindAndValid errs: []","time":1656579831060146553}
2022/06/30 17:03:52 {"callers":["/golangApp/go-depot/main.go: 24 main.init.0"],"level":"error","message":"app.BindAndValid errs: []","time":1656579832990105050}
2022/06/30 17:03:59 {"callers":["/golangApp/go-depot/main.go: 24 main.init.0"],"level":"error","message":"app.BindAndValid errs: []","time":1656579839748031539}
2022/06/30 17:04:00 {"callers":["/golangApp/go-depot/main.go: 24 main.init.0"],"level":"error","message":"app.BindAndValid errs: []","time":1656579840403603690}
2022/06/30 17:04:00 {"callers":["/golangApp/go-depot/main.go: 24 main.init.0"],"level":"error","message":"app.BindAndValid errs: []","time":1656579840745387184}
2022/06/30 17:04:01 {"callers":["/golangApp/go-depot/main.go: 24 main.init.0"],"level":"error","message":"app.BindAndValid errs: []","time":1656579841115630608}
2022/06/30 17:04:15 {"callers":["/golangApp/go-depot/main.go: 24 main.init.0"],"level":"error","message":"app.BindAndValid errs: []","time":1656579855380047573}
2022/06/30 17:04:59 {"callers":["/golangApp/go-depot/main.go: 24 main.init.0"],"level":"error","message":"app.BindAndValid errs: []","time":1656579899108428715}
2022/06/30 17:13:04 {"callers":["/golangApp/go-depot/main.go: 24 main.init.0"],"level":"error","message":"app.BindAndValid errs: []","time":1656580384346131401}
2022/06/30 17:13:07 {"callers":["/golangApp/go-depot/main.go: 24 main.init.0"],"level":"error","message":"app.BindAndValid errs: []","time":1656580387708717791}
2022/06/30 17:13:08 {"callers":["/golangApp/go-depot/main.go: 24 main.init.0"],"level":"error","message":"app.BindAndValid errs: []","time":1656580388939520959}
2022/06/30 17:15:12 {"callers":["/golangApp/go-depot/main.go: 24 main.init.0"],"level":"error","message":"app.BindAndValid errs: []","time":1656580512381883774}
